<?xml version="1.0" encoding="UTF-8"?>
<!-- Generated by org.testng.reporters.JUnitXMLReporter -->
<testsuite ignored="0" hostname="DESKTOP-F08UQ08" failures="0" tests="2" name="Default test" time="5.855" errors="0" timestamp="2023-01-04T12:41:51 IST">
  <testcase classname="com.saucedemo.TestClass.TestClass_Verify_Login_functinality" name="LOginPageFun" time="0.011"/>
  <testcase classname="com.saucedemo.TestClass.TestClass_Verify_Login_functinality" name="HomePage" time="0.257"/>
</testsuite> <!-- Default test -->
