<?xml version="1.0" encoding="UTF-8"?>
<!-- Generated by org.testng.reporters.JUnitXMLReporter -->
<testsuite ignored="0" hostname="DESKTOP-F08UQ08" failures="0" tests="2" name="Test" time="0.045" errors="0" timestamp="2023-01-04T12:40:24 IST">
  <testcase classname="com.saucedemo.TestClass.TestBaseClass" name="@BeforeMethod CHromeOpen" time="0.003">
    <failure type="java.lang.Error" message="Unresolved compilation problem: 
	The method implicitlyWait(long, TimeUnit) in the type WebDriver.Timeouts is not applicable for the arguments (Duration)
">
      <![CDATA[java.lang.Error: Unresolved compilation problem: 
The method implicitlyWait(long, TimeUnit) in the type WebDriver.Timeouts is not applicable for the arguments (Duration)

at com.saucedemo.TestClass.TestBaseClass.CHromeOpen(TestBaseClass.java:37)
at java.base/java.util.ArrayList.forEach(ArrayList.java:1511)
... Removed 31 stack frames]]>
    </failure>
  </testcase> <!-- @BeforeMethod CHromeOpen -->
  <testcase classname="com.saucedemo.TestClass.TestBaseClass" name="@AfterMethod ChromeClose" time="-1.672816223966E9">
    <skipped/>
  </testcase> <!-- @AfterMethod ChromeClose -->
  <testcase classname="com.saucedemo.TestClass.TestClass_Verify_Login_functinality" name="LOginPageFun" time="0.0">
    <skipped/>
  </testcase> <!-- LOginPageFun -->
  <testcase classname="com.saucedemo.TestClass.TestClass_Verify_Login_functinality" name="HomePage" time="0.0">
    <skipped/>
  </testcase> <!-- HomePage -->
</testsuite> <!-- Test -->
