<?xml version="1.0" encoding="UTF-8"?>
<testng-results ignored="0" total="2" passed="2" failed="0" skipped="0">
  <reporter-output>
  </reporter-output>
  <suite started-at="2023-01-04T12:41:45 IST" name="Default suite" finished-at="2023-01-04T12:41:51 IST" duration-ms="5855">
    <groups>
    </groups>
    <test started-at="2023-01-04T12:41:45 IST" name="Default test" finished-at="2023-01-04T12:41:51 IST" duration-ms="5855">
      <class name="com.saucedemo.TestClass.TestClass_Verify_Login_functinality">
        <test-method is-config="true" signature="CHromeOpen()[pri:0, instance:com.saucedemo.TestClass.TestClass_Verify_Login_functinality@101952da]" started-at="2023-01-04T12:41:45 IST" name="CHromeOpen" finished-at="2023-01-04T12:41:48 IST" duration-ms="2951" status="PASS">
          <reporter-output>
          </reporter-output>
        </test-method> <!-- CHromeOpen -->
        <test-method signature="LOginPageFun()[pri:1, instance:com.saucedemo.TestClass.TestClass_Verify_Login_functinality@101952da]" started-at="2023-01-04T12:41:48 IST" name="LOginPageFun" finished-at="2023-01-04T12:41:48 IST" duration-ms="11" status="PASS">
          <reporter-output>
          </reporter-output>
        </test-method> <!-- LOginPageFun -->
        <test-method is-config="true" signature="ChromeClose()[pri:0, instance:com.saucedemo.TestClass.TestClass_Verify_Login_functinality@101952da]" started-at="2023-01-04T12:41:48 IST" name="ChromeClose" finished-at="2023-01-04T12:41:48 IST" duration-ms="238" status="PASS">
          <reporter-output>
          </reporter-output>
        </test-method> <!-- ChromeClose -->
        <test-method is-config="true" signature="CHromeOpen()[pri:0, instance:com.saucedemo.TestClass.TestClass_Verify_Login_functinality@101952da]" started-at="2023-01-04T12:41:48 IST" name="CHromeOpen" finished-at="2023-01-04T12:41:50 IST" duration-ms="2148" status="PASS">
          <reporter-output>
          </reporter-output>
        </test-method> <!-- CHromeOpen -->
        <test-method signature="HomePage()[pri:2, instance:com.saucedemo.TestClass.TestClass_Verify_Login_functinality@101952da]" started-at="2023-01-04T12:41:50 IST" name="HomePage" finished-at="2023-01-04T12:41:50 IST" duration-ms="257" status="PASS">
          <reporter-output>
          </reporter-output>
        </test-method> <!-- HomePage -->
        <test-method is-config="true" signature="ChromeClose()[pri:0, instance:com.saucedemo.TestClass.TestClass_Verify_Login_functinality@101952da]" started-at="2023-01-04T12:41:50 IST" name="ChromeClose" finished-at="2023-01-04T12:41:51 IST" duration-ms="213" status="PASS">
          <reporter-output>
          </reporter-output>
        </test-method> <!-- ChromeClose -->
      </class> <!-- com.saucedemo.TestClass.TestClass_Verify_Login_functinality -->
    </test> <!-- Default test -->
  </suite> <!-- Default suite -->
</testng-results>
